Added Component: Designator=U1(SOP65P1420X340_HS-45N)
Added Pin To Net: NetName=INPUT_3 Pin=U1-1
Added Pin To Net: NetName=NetC4_1 Pin=U1-2
Added Pin To Net: NetName=INPUT_4 Pin=U1-3
Added Pin To Net: NetName=+12 Pin=U1-4
Added Pin To Net: NetName=+12 Pin=U1-5
Added Pin To Net: NetName=+12 Pin=U1-6
Added Pin To Net: NetName=NetJ2_1 Pin=U1-7
Added Pin To Net: NetName=NetJ2_1 Pin=U1-8
Added Pin To Net: NetName=NetJ2_1 Pin=U1-9
Added Pin To Net: NetName=+12 Pin=U1-10
Added Pin To Net: NetName=+12 Pin=U1-11
Added Pin To Net: NetName=NetMP1_2 Pin=U1-12
Added Pin To Net: NetName=NetMP1_2 Pin=U1-13
Added Pin To Net: NetName=NetMP1_2 Pin=U1-14
Added Pin To Net: NetName=NetMP1_2 Pin=U1-15
Added Pin To Net: NetName=NetMP1_2 Pin=U1-16
Added Pin To Net: NetName=NetMP1_2 Pin=U1-17
Added Pin To Net: NetName=NetMP1_2 Pin=U1-18
Added Pin To Net: NetName=NetMP1_2 Pin=U1-19
Added Pin To Net: NetName=NetMP1_2 Pin=U1-20
Added Pin To Net: NetName=NetMP1_2 Pin=U1-21
Added Pin To Net: NetName=NetMP1_2 Pin=U1-22
Added Pin To Net: NetName=NetMP1_1 Pin=U1-23
Added Pin To Net: NetName=NetMP1_1 Pin=U1-24
Added Pin To Net: NetName=NetMP1_1 Pin=U1-25
Added Pin To Net: NetName=NetMP1_1 Pin=U1-26
Added Pin To Net: NetName=NetMP1_1 Pin=U1-27
Added Pin To Net: NetName=NetMP1_1 Pin=U1-28
Added Pin To Net: NetName=NetMP1_1 Pin=U1-29
Added Pin To Net: NetName=NetMP1_1 Pin=U1-30
Added Pin To Net: NetName=NetMP1_1 Pin=U1-31
Added Pin To Net: NetName=NetMP1_1 Pin=U1-32
Added Pin To Net: NetName=NetMP1_1 Pin=U1-33
Added Pin To Net: NetName=+12 Pin=U1-34
Added Pin To Net: NetName=+12 Pin=U1-35
Added Pin To Net: NetName=NetJ2_3 Pin=U1-36
Added Pin To Net: NetName=NetJ2_3 Pin=U1-37
Added Pin To Net: NetName=NetJ2_3 Pin=U1-38
Added Pin To Net: NetName=+12 Pin=U1-39
Added Pin To Net: NetName=+12 Pin=U1-40
Added Pin To Net: NetName=NetC3_2 Pin=U1-41
Added Pin To Net: NetName=INPUT_2 Pin=U1-42
Added Pin To Net: NetName=INPUT_1 Pin=U1-43
Added Pin To Net: NetName=NetR1_1 Pin=U1-44
Added Member To Class: ClassName=Motor Driver Member=Component U1 12VDC, 5A
